  Game.cpp
C:\Users\jakef\Desktop\College\Project\4th_year_final_project\BeatBreaker\Game.cpp(119,31): warning C4189: 'newKeyPress': local variable is initialized but not referenced
C:\Users\jakef\Desktop\College\Project\4th_year_final_project\BeatBreaker\Game.cpp(131,62): warning C4100: 't_event': unreferenced parameter
C:\Users\jakef\Desktop\College\Project\4th_year_final_project\BeatBreaker\Game.cpp(142,40): warning C4189: 'newMouseReleased': local variable is initialized but not referenced
C:\Users\jakef\Desktop\College\Project\4th_year_final_project\BeatBreaker\Game.cpp(188,8): warning C4189: 'buttonFound': local variable is initialized but not referenced
  HUD.cpp
C:\SFML-3.0.0\include\SFML\System\Exception.hpp(41,47): warning C4275: non dll-interface class 'std::runtime_error' used as base for dll-interface class 'sf::Exception'
  (compiling source file 'HUD.cpp')
      C:\Program Files\Microsoft Visual Studio\2022\Community\VC\Tools\MSVC\14.44.35207\include\stdexcept(100,30):
      see declaration of 'std::runtime_error'
      C:\SFML-3.0.0\include\SFML\System\Exception.hpp(41,23):
      see declaration of 'sf::Exception'
  
C:\Users\jakef\Desktop\College\Project\4th_year_final_project\BeatBreaker\HUD.cpp(25,20): warning C4018: '<': signed/unsigned mismatch
C:\Users\jakef\Desktop\College\Project\4th_year_final_project\BeatBreaker\HUD.cpp(39,20): warning C4018: '<': signed/unsigned mismatch
C:\Users\jakef\Desktop\College\Project\4th_year_final_project\BeatBreaker\HUD.cpp(92,20): warning C4018: '<': signed/unsigned mismatch
C:\Users\jakef\Desktop\College\Project\4th_year_final_project\BeatBreaker\HUD.cpp(96,20): warning C4018: '<': signed/unsigned mismatch
  MIDIParse.cpp
C:\Users\jakef\Desktop\College\Project\4th_year_final_project\BeatBreaker\MIDIParse.cpp(32,2): warning C4100: 'n': unreferenced parameter
  main.cpp
  Generating Code...
  BeatBreaker.vcxproj -> C:\Users\jakef\Desktop\College\Project\4th_year_final_project\BeatBreaker\Debug\BeatBreaker.exe
